<?xml version="1.0" encoding="UTF-8"?>
<!-- Generated by org.testng.reporters.JUnitReportReporter -->
<testsuite hostname="DESKTOP-PCH3F9Q" failures="0" tests="1" name="com.demo.mavenone.Selenium4Test" time="47.125" errors="0" timestamp="2023-01-04T10:00:47 IST" skipped="0">
  <testcase classname="com.demo.mavenone.Selenium4Test" name="login" time="47.125"/>
  <system-out/>
</testsuite> <!-- com.demo.mavenone.Selenium4Test -->
